[2025-03-27T00:01:59.342] Admin: admin, Operation: SYSTEM, Data: Admin menu opened
[2025-03-27T00:02:03.297] Admin: admin, Operation: SYSTEM, Data: Opened View Appointments screen
[2025-03-27T00:02:03.581] Admin: admin, Operation: SYSTEM, Data: View Appointments controller initialized
[2025-03-27T00:02:08.824] Admin: admin, Operation: SYSTEM, Data: Opening appointment calendar view
[2025-03-27T00:02:09.132] Admin: admin, Operation: SYSTEM, Data: Calendar view initialized
[2025-03-27T00:02:09.27] Admin: admin, Operation: SYSTEM, Data: Calendar view displayed
[2025-03-27T00:02:10.874] Admin: admin, Operation: SYSTEM, Data: Viewing appointments for date: 2025-03-29
[2025-03-27T00:02:16.225] Admin: admin, Operation: SYSTEM, Data: Viewing appointments for date: 2025-03-30
[2025-03-27T00:02:19.434] Admin: admin, Operation: SYSTEM, Data: Viewing appointments for date: 2025-03-23
[2025-03-27T00:02:20.86] Admin: admin, Operation: APPOINTMENT_CANCEL, Data: ID: 6a715cb7, Date: 2025-03-23, Time: 10:00
[2025-03-27T00:08:16.35] Admin: admin, Operation: SYSTEM, Data: Admin menu opened
[2025-03-27T00:08:23.756] Admin: admin, Operation: SYSTEM, Data: Opened View Appointments screen
[2025-03-27T00:08:24.048] Admin: admin, Operation: SYSTEM, Data: View Appointments controller initialized
[2025-03-27T00:08:25.047] Admin: admin, Operation: SYSTEM, Data: Admin logged out from View Appointments
[2025-03-27T00:39:06.538] Admin: admin, Operation: SYSTEM, Data: Admin menu opened
[2025-03-27T00:39:40.173] Admin: admin, Operation: SYSTEM, Data: Opened View Appointments screen
[2025-03-27T00:39:40.483] Admin: admin, Operation: SYSTEM, Data: View Appointments controller initialized
[2025-03-27T00:39:43.126] Admin: admin, Operation: SYSTEM, Data: Searched appointments with query: y
[2025-03-27T00:39:43.22] Admin: admin, Operation: SYSTEM, Data: Searched appointments with query: yu
[2025-03-27T00:39:43.355] Admin: admin, Operation: SYSTEM, Data: Searched appointments with query: yur
[2025-03-27T00:39:43.483] Admin: admin, Operation: SYSTEM, Data: Searched appointments with query: yuri
[2025-03-27T00:39:44.676] Admin: admin, Operation: SYSTEM, Data: Searched appointments with query: yur
[2025-03-27T00:39:44.844] Admin: admin, Operation: SYSTEM, Data: Searched appointments with query: yu
[2025-03-27T00:39:44.995] Admin: admin, Operation: SYSTEM, Data: Searched appointments with query: y
[2025-03-27T00:39:45.178] Admin: admin, Operation: SYSTEM, Data: Searched appointments with query: 
[2025-03-27T00:39:54.647] Admin: admin, Operation: SYSTEM, Data: Opening appointment creation screen
[2025-03-27T00:39:54.976] Admin: admin, Operation: SYSTEM, Data: Selected date for schedule: 2025-03-27
[2025-03-27T00:39:54.981] Admin: admin, Operation: SYSTEM, Data: Create Schedule view initialized
[2025-03-27T00:39:59.138] Admin: admin, Operation: SYSTEM, Data: Selected date for schedule: 2025-03-28
[2025-03-27T00:39:59.138] Admin: admin, Operation: SYSTEM, Data: Selected date for schedule: 2025-03-28
[2025-03-27T00:40:00.772] Admin: admin, Operation: APPOINTMENT_CREATE, Data: ID: New, Date: 2025-03-28, Time: 9:00 AM - 10:00 AM
[2025-03-27T00:40:15.353] Admin: admin, Operation: SYSTEM, Data: Opening appointment calendar view
[2025-03-27T00:40:15.626] Admin: admin, Operation: SYSTEM, Data: Calendar view initialized
[2025-03-27T00:40:15.783] Admin: admin, Operation: SYSTEM, Data: Calendar view displayed
[2025-03-27T00:40:28.498] Admin: admin, Operation: SYSTEM, Data: Opening appointment creation screen
[2025-03-27T00:40:28.733] Admin: admin, Operation: SYSTEM, Data: Selected date for schedule: 2025-03-27
[2025-03-27T00:40:28.734] Admin: admin, Operation: SYSTEM, Data: Create Schedule view initialized
[2025-03-27T00:40:37.062] Admin: admin, Operation: SYSTEM, Data: Selected date for schedule: 2025-03-27
[2025-03-27T00:40:37.064] Admin: admin, Operation: SYSTEM, Data: Selected date for schedule: 2025-03-27
[2025-03-27T00:40:39.341] Admin: admin, Operation: SYSTEM, Data: Attempted to create appointment for past date
[2025-03-27T00:40:44.119] Admin: admin, Operation: SYSTEM, Data: Viewing appointments for date: 2025-03-28
[2025-03-27T00:40:44.634] Admin: admin, Operation: SYSTEM, Data: Viewing appointments for date: 2025-03-27
[2025-03-27T00:40:47.939] Admin: admin, Operation: SYSTEM, Data: Opening appointment calendar view
[2025-03-27T00:40:48.194] Admin: admin, Operation: SYSTEM, Data: Calendar view initialized
[2025-03-27T00:40:48.228] Admin: admin, Operation: SYSTEM, Data: Calendar view displayed
[2025-03-27T00:40:51.549] Admin: admin, Operation: SYSTEM, Data: Viewing appointments for date: 2025-03-28
[2025-03-27T00:40:55.171] Admin: admin, Operation: APPOINTMENT_CANCEL, Data: ID: e402308d, Date: 2025-03-28, Time: 9:00 AM
[2025-03-27T00:40:59.789] Admin: admin, Operation: SYSTEM, Data: Viewing appointments for date: 2025-03-28
[2025-03-27T00:41:01.076] Admin: admin, Operation: APPOINTMENT_CANCEL, Data: ID: 8401ef58, Date: 2025-03-28, Time: 9:00 AM
[2025-03-27T00:41:01.829] Admin: admin, Operation: APPOINTMENT_CANCEL, Data: ID: e8c5bf70, Date: 2025-03-28, Time: 9:00 AM
[2025-03-27T00:41:02.042] Admin: admin, Operation: APPOINTMENT_CANCEL, Data: ID: 77bb4562, Date: 2025-03-28, Time: 9:00 AM
[2025-03-27T00:41:02.25] Admin: admin, Operation: APPOINTMENT_CANCEL, Data: ID: 982656e0, Date: 2025-03-28, Time: 9:00 AM
[2025-03-27T00:41:02.446] Admin: admin, Operation: APPOINTMENT_CANCEL, Data: ID: 1917eb1b, Date: 2025-03-28, Time: 9:00 AM
[2025-03-27T00:41:03.051] Admin: admin, Operation: APPOINTMENT_CANCEL, Data: ID: 392d3c45, Date: 2025-03-28, Time: 9:00 AM
[2025-03-27T00:41:03.258] Admin: admin, Operation: APPOINTMENT_CANCEL, Data: ID: 3c24cfb3, Date: 2025-03-28, Time: 9:00 AM
[2025-03-27T00:41:03.471] Admin: admin, Operation: APPOINTMENT_CANCEL, Data: ID: a20738ff, Date: 2025-03-28, Time: 9:00 AM
[2025-03-27T00:41:08.597] Admin: admin, Operation: SYSTEM, Data: Opening appointment calendar view
[2025-03-27T00:41:08.82] Admin: admin, Operation: SYSTEM, Data: Calendar view initialized
[2025-03-27T00:41:08.856] Admin: admin, Operation: SYSTEM, Data: Calendar view displayed
[2025-03-27T00:41:11.703] Admin: admin, Operation: SYSTEM, Data: Viewing appointments for date: 2025-03-28
[2025-03-27T00:41:12.651] Admin: admin, Operation: APPOINTMENT_CANCEL, Data: ID: 78b106d0, Date: 2025-03-28, Time: 9:00 AM
[2025-03-27T00:41:29.456] Admin: admin, Operation: SYSTEM, Data: Viewing appointments for date: 2025-03-28
[2025-03-27T00:41:30.984] Admin: admin, Operation: APPOINTMENT_CANCEL, Data: ID: 1a343f2b, Date: 2025-03-28, Time: 9:00 AM
[2025-03-27T00:41:32.994] Admin: admin, Operation: SYSTEM, Data: Viewing appointments for date: 2025-03-29
[2025-03-27T00:41:35.304] Admin: admin, Operation: SYSTEM, Data: Viewing appointments for date: 2025-03-31
[2025-03-27T00:41:57.875] Admin: admin, Operation: SYSTEM, Data: Opening appointment calendar view
[2025-03-27T00:41:58.108] Admin: admin, Operation: SYSTEM, Data: Calendar view initialized
[2025-03-27T00:41:58.134] Admin: admin, Operation: SYSTEM, Data: Calendar view displayed
[2025-03-27T00:42:06.131] Admin: admin, Operation: SYSTEM, Data: Viewing appointments for date: 2025-03-29
[2025-03-27T00:42:09.116] Admin: admin, Operation: SYSTEM, Data: Opening appointment calendar view
[2025-03-27T00:42:09.341] Admin: admin, Operation: SYSTEM, Data: Calendar view initialized
[2025-03-27T00:42:09.369] Admin: admin, Operation: SYSTEM, Data: Calendar view displayed
[2025-03-27T00:42:10.282] Admin: admin, Operation: SYSTEM, Data: Viewing appointments for date: 2025-03-29
[2025-03-27T00:42:35.496] Admin: admin, Operation: SYSTEM, Data: Refreshed appointments list
[2025-03-27T00:42:40.857] Admin: admin, Operation: APPOINTMENT_CANCEL, Data: ID: 440ae102, Date: 2025-03-29, Start Time: 9:00 AM
[2025-03-27T00:43:52.044] Admin: admin, Operation: SYSTEM, Data: Opened View Appointments screen
[2025-03-27T00:43:52.264] Admin: admin, Operation: SYSTEM, Data: View Appointments controller initialized
[2025-03-27T00:43:55.881] Admin: admin, Operation: SYSTEM, Data: Refreshed appointments list
[2025-03-27T00:44:02.233] Admin: admin, Operation: SYSTEM, Data: Opening appointment calendar view
[2025-03-27T00:44:02.458] Admin: admin, Operation: SYSTEM, Data: Calendar view initialized
[2025-03-27T00:44:02.488] Admin: admin, Operation: SYSTEM, Data: Calendar view displayed
[2025-03-27T00:44:03.522] Admin: admin, Operation: SYSTEM, Data: Viewing appointments for date: 2025-03-31
[2025-03-27T00:44:05.446] Admin: admin, Operation: APPOINTMENT_CANCEL, Data: ID: 7e07cf8a, Date: 2025-03-31, Time: 10:00 AM
[2025-03-27T00:44:06.773] Admin: admin, Operation: APPOINTMENT_CANCEL, Data: ID: 5613b49c, Date: 2025-03-31, Time: 10:00 AM
[2025-03-27T00:44:07.178] Admin: admin, Operation: APPOINTMENT_CANCEL, Data: ID: 96e75417, Date: 2025-03-31, Time: 3:00 PM
[2025-03-27T00:44:08.991] Admin: admin, Operation: APPOINTMENT_CANCEL, Data: ID: f0b28113, Date: 2025-03-31, Time: 3:00 PM
[2025-03-27T00:46:54.979] Admin: admin, Operation: SYSTEM, Data: Admin menu opened
[2025-03-27T00:46:56.737] Admin: admin, Operation: SYSTEM, Data: Opened View Appointments screen
[2025-03-27T00:46:56.995] Admin: admin, Operation: SYSTEM, Data: View Appointments controller initialized
[2025-03-27T00:46:58.686] Admin: admin, Operation: SYSTEM, Data: Opening appointment calendar view
[2025-03-27T00:46:58.993] Admin: admin, Operation: SYSTEM, Data: Calendar view initialized
[2025-03-27T00:46:59.143] Admin: admin, Operation: SYSTEM, Data: Calendar view displayed
[2025-03-27T00:47:01.368] Admin: admin, Operation: SYSTEM, Data: Viewing appointments for date: 2025-03-28
[2025-03-27T00:47:02.782] Admin: admin, Operation: APPOINTMENT_CANCEL, Data: ID: 341e253c, Date: 2025-03-28, Time: 9:00 AM
[2025-03-27T00:47:20.961] Admin: admin, Operation: SYSTEM, Data: Opening appointment calendar view
[2025-03-27T00:47:21.205] Admin: admin, Operation: SYSTEM, Data: Calendar view initialized
[2025-03-27T00:47:21.239] Admin: admin, Operation: SYSTEM, Data: Calendar view displayed
[2025-03-27T00:47:27.956] Admin: admin, Operation: SYSTEM, Data: Opening appointment calendar view
[2025-03-27T00:47:28.177] Admin: admin, Operation: SYSTEM, Data: Calendar view initialized
[2025-03-27T00:47:28.207] Admin: admin, Operation: SYSTEM, Data: Calendar view displayed
[2025-03-27T00:47:36.264] Admin: admin, Operation: SYSTEM, Data: Opening appointment creation screen
[2025-03-27T00:47:36.556] Admin: admin, Operation: SYSTEM, Data: Selected date for schedule: 2025-03-27
[2025-03-27T00:47:36.56] Admin: admin, Operation: SYSTEM, Data: Create Schedule view initialized
[2025-03-27T00:47:40.085] Admin: admin, Operation: SYSTEM, Data: Attempted to create appointment for past date
[2025-03-27T00:47:45.384] Admin: admin, Operation: SYSTEM, Data: Opening appointment calendar view
[2025-03-27T00:47:45.621] Admin: admin, Operation: SYSTEM, Data: Calendar view initialized
[2025-03-27T00:47:45.653] Admin: admin, Operation: SYSTEM, Data: Calendar view displayed
[2025-03-27T00:47:50.342] Admin: admin, Operation: SYSTEM, Data: Attempted to create appointment for past date
[2025-03-27T00:48:03.72] Admin: admin, Operation: SYSTEM, Data: Calendar moved to next month
[2025-03-27T00:48:06.187] Admin: admin, Operation: SYSTEM, Data: Selected date for schedule: 2025-04-27
[2025-03-27T00:48:08.09] Admin: admin, Operation: SYSTEM, Data: Selected date for schedule: 2025-04-01
[2025-03-27T00:48:08.091] Admin: admin, Operation: SYSTEM, Data: Selected date for schedule: 2025-04-01
[2025-03-27T00:48:09.763] Admin: admin, Operation: APPOINTMENT_CREATE, Data: ID: New, Date: 2025-04-01, Time: 9:00 AM - 10:00 AM
[2025-03-27T00:48:15.598] Admin: admin, Operation: SYSTEM, Data: Opening appointment calendar view
[2025-03-27T00:48:15.852] Admin: admin, Operation: SYSTEM, Data: Calendar view initialized
[2025-03-27T00:48:15.885] Admin: admin, Operation: SYSTEM, Data: Calendar view displayed
[2025-03-27T00:48:16.771] Admin: admin, Operation: SYSTEM, Data: Calendar moved to next month
